TOOL:	ncvhdl(64)	15.20-s054: Started on Feb 15, 2021 at 15:28:37 CET
ncvhdl
    -NOWARN DLNOHV
    -NOCOPYRIGHT
    -NOSTDOUT
    -quiet
    -messages
    -use5x
    -v93
    -WORK \SAR\
    -ERRORMAX 100
    -LOGFILE /home/scma20/SAR_XFAB/.cadence/dfII/TextSupport/Logs/Parser/vhdl/SAR/a1/compile0.log
    /home/scma20/SAR_XFAB/SAR/digital_gene/functional/vhdl.vhd

/home/scma20/SAR_XFAB/SAR/digital_gene/functional/vhdl.vhd:
	errors: 0, warnings: 0
\SAR\.DIGITAL_GENE (entity):
	streams: 4, words: 87
\SAR\.DIGITAL_GENE:A1 (architecture):
	streams: 1, words: 189
TOOL:	ncvhdl(64)	15.20-s054: Exiting on Feb 15, 2021 at 15:28:38 CET  (total: 00:00:01)
