xmvlog(64): 24.09-s011: (c) Copyright 1995-2025 Cadence Design Systems, Inc.
TOOL:	xmvlog(64)	24.09-s011: Started on Feb 24, 2026 at 17:24:33 CET
xmvlog
    -use5x
    -SPECIFICUNIT save_es
    -zparse /tmp/vamsZparcd4840
    -NOWARN DLNOHV
    -work SAR
    -view verilogams
    -nostdout
    -logfile /home/ics15/ICS_ADC_PROJECT_26/SAR_XFAB_TEMPLATE/.cadence/dfII/TextSupport/Logs/Parser/verilogams/SAR/verilogams/compile1.log
    -messages
    -ams
    -cdslib /home/ics15/ICS_ADC_PROJECT_26/SAR_XFAB_TEMPLATE/cds.lib
    /home/ics15/ICS_ADC_PROJECT_26/SAR_XFAB_TEMPLATE/SAR/save_es/verilogams/verilog.vams

file: /home/ics15/ICS_ADC_PROJECT_26/SAR_XFAB_TEMPLATE/SAR/save_es/verilogams/verilog.vams
	module SAR.save_es:verilogams
		errors: 0, warnings: 0
	 writing out DPL output:
TOOL:	xmvlog(64)	24.09-s011: Exiting on Feb 24, 2026 at 17:24:33 CET  (total: 00:00:00)
