\o Program:		@(#)$CDS: libManager version 6.1.8 - CAT37 04/25/2024 14:34 (csvcm36c-7) $
\o Sub version:		sub-version  s364 
\o Arguments:		-mpssession virtuoso114840 -mpshost pantin 
\o Working Directory:	pantin:/home/ics15/ICS_ADC_PROJECT_26/SAR_XFAB_TEMPLATE
\o 64-bit offsets
\o Qt version: 		5.9.1
\o Log file is "/home/ics15/ICS_ADC_PROJECT_26/SAR_XFAB_TEMPLATE/libManager.log".
\o Opening libManager window.
\a nrSetCurrentWindow(cdsLibManager)
\a nrResizeWindow(cdsLibManager list(803 395 744 491))
\o MPS virtuoso types registered: 68
\o changeWorkingDir("/home/ics15/ICS_ADC_PROJECT_26/SAR_XFAB_TEMPLATE") unnecessary.
\o ddSetForcedLib("") unnecessary.
\o MPS service: map window
\o Library Manager customization server connected.
\a cdsLibManager->libListBox->value = "SAR"
\a cdsLibManager->libLineEdit->value = "SAR"
\a cdsLibManager->cellListBox->value = "test_sar8"
\a cdsLibManager->cellLineEdit->value = "test_sar8"
\a cdsLibManager->viewListBox->value = "ams_parfait"
\a cdsLibManager->viewLineEdit->value = "ams_parfait"
\o MPS request: edit design
\a nrListItemAction(cdsLibManager->gdmXTView 0 0)
\a cdsLibManager->libListBox->value = nil
\a cdsLibManager->libLineEdit->value = ""
\a cdsLibManager->cellListBox->value = nil
\a cdsLibManager->viewLineEdit->value = ""
\a cdsLibManager->viewListBox->value = nil
\a cdsLibManager->cellLineEdit->value = ""
\a cdsLibManager->libListBox->value = "SAR"
\a cdsLibManager->libLineEdit->value = "SAR"
\a cdsLibManager->cellListBox->value = "test_sar8"
\a cdsLibManager->cellLineEdit->value = "test_sar8"
\a cdsLibManager->viewListBox->value = "ams_parfait"
\a cdsLibManager->viewLineEdit->value = "ams_parfait"
\a cdsLibManager->viewLineEdit->value = ""
\a cdsLibManager->viewListBox->value = nil
\a cdsLibManager->viewListBox->value = "ams_parfait"
\a cdsLibManager->viewLineEdit->value = "ams_parfait"
\a nrSetCurrentWindow(cdsLibManager)
\a cdsLibManager->viewListBox->value = "config"
\a cdsLibManager->viewLineEdit->value = "config"
\o MPS request: edit design
\a nrListItemAction(cdsLibManager->gdmXTView 3 0)
\a nrSetCurrentWindow(cdsLibManager)
